<?xml version="1.0" encoding="UTF-8"?>
<testng-results ignored="0" total="1" passed="1" failed="0" skipped="0">
  <reporter-output>
  </reporter-output>
  <suite started-at="2024-08-07T20:58:09 IST" name="Suite" finished-at="2024-08-07T20:58:13 IST" duration-ms="4043">
    <groups>
    </groups>
    <test started-at="2024-08-07T20:58:09 IST" name="Test" finished-at="2024-08-07T20:58:13 IST" duration-ms="4043">
      <class name="Testnextng.LoginTest">
        <test-method signature="login(java.lang.String,java.lang.String)[pri:0, instance:Testnextng.LoginTest@d737b89]" started-at="2024-08-07T20:58:09 IST" name="login" finished-at="2024-08-07T20:58:13 IST" duration-ms="3947" status="PASS">
          <params>
            <param index="0">
              <value>
                <![CDATA[tech]]>
              </value>
            </param>
            <param index="1">
              <value>
                <![CDATA[12345]]>
              </value>
            </param>
          </params>
          <reporter-output>
          </reporter-output>
        </test-method> <!-- login -->
      </class> <!-- Testnextng.LoginTest -->
    </test> <!-- Test -->
  </suite> <!-- Suite -->
</testng-results>
